0 info it worked if it ends with ok
1 verbose cli [ 'C:\\Program Files\\nodejs\\node.exe',
1 verbose cli   'C:\\Program Files\\nodejs\\node_modules\\npm\\bin\\npm-cli.js',
1 verbose cli   'install',
1 verbose cli   'angular-google-maps' ]
2 info using npm@3.10.3
3 info using node@v6.6.0
4 silly loadCurrentTree Starting
5 silly install loadCurrentTree
6 silly install readLocalPackageData
7 silly fetchPackageMetaData angular-google-maps
8 silly fetchNamedPackageData angular-google-maps
9 silly mapToRegistry name angular-google-maps
10 silly mapToRegistry using default registry
11 silly mapToRegistry registry https://registry.npmjs.org/
12 silly mapToRegistry data Result {
12 silly mapToRegistry   raw: 'angular-google-maps',
12 silly mapToRegistry   scope: null,
12 silly mapToRegistry   escapedName: 'angular-google-maps',
12 silly mapToRegistry   name: 'angular-google-maps',
12 silly mapToRegistry   rawSpec: '',
12 silly mapToRegistry   spec: 'latest',
12 silly mapToRegistry   type: 'tag' }
13 silly mapToRegistry uri https://registry.npmjs.org/angular-google-maps
14 verbose request uri https://registry.npmjs.org/angular-google-maps
15 verbose request no auth needed
16 info attempt registry request try #1 at 11:17:49
17 verbose request id 1b22e633fb1fc621
18 verbose etag W/"586e5eb5-ecac"
19 verbose lastModified Thu, 05 Jan 2017 14:56:53 GMT
20 http request GET https://registry.npmjs.org/angular-google-maps
21 http 304 https://registry.npmjs.org/angular-google-maps
22 verbose headers { date: 'Wed, 05 Apr 2017 10:17:49 GMT',
22 verbose headers   via: '1.1 varnish',
22 verbose headers   'cache-control': 'max-age=300',
22 verbose headers   etag: 'W/"586e5eb5-ecac"',
22 verbose headers   age: '135',
22 verbose headers   connection: 'keep-alive',
22 verbose headers   'x-served-by': 'cache-mad9423-MAD',
22 verbose headers   'x-cache': 'HIT',
22 verbose headers   'x-cache-hits': '1',
22 verbose headers   'x-timer': 'S1491387470.511052,VS0,VE1',
22 verbose headers   vary: 'Accept-Encoding' }
23 silly get cb [ 304,
23 silly get   { date: 'Wed, 05 Apr 2017 10:17:49 GMT',
23 silly get     via: '1.1 varnish',
23 silly get     'cache-control': 'max-age=300',
23 silly get     etag: 'W/"586e5eb5-ecac"',
23 silly get     age: '135',
23 silly get     connection: 'keep-alive',
23 silly get     'x-served-by': 'cache-mad9423-MAD',
23 silly get     'x-cache': 'HIT',
23 silly get     'x-cache-hits': '1',
23 silly get     'x-timer': 'S1491387470.511052,VS0,VE1',
23 silly get     vary: 'Accept-Encoding' } ]
24 verbose etag https://registry.npmjs.org/angular-google-maps from cache
25 verbose get saving angular-google-maps to C:\Users\Jose\AppData\Roaming\npm-cache\registry.npmjs.org\angular-google-maps\.cache.json
26 verbose correctMkdir C:\Users\Jose\AppData\Roaming\npm-cache correctMkdir not in flight; initializing
27 silly install normalizeTree
28 silly loadCurrentTree Finishing
29 silly loadIdealTree Starting
30 silly install loadIdealTree
31 silly cloneCurrentTree Starting
32 silly install cloneCurrentTreeToIdealTree
33 silly cloneCurrentTree Finishing
34 silly loadShrinkwrap Starting
35 silly install loadShrinkwrap
36 silly loadShrinkwrap Finishing
37 silly loadAllDepsIntoIdealTree Starting
38 silly install loadAllDepsIntoIdealTree
39 silly resolveWithNewModule angular-google-maps@2.4.1 checking installable status
40 silly cache add args [ 'angular-google-maps', null ]
41 verbose cache add spec angular-google-maps
42 silly cache add parsed spec Result {
42 silly cache add   raw: 'angular-google-maps',
42 silly cache add   scope: null,
42 silly cache add   escapedName: 'angular-google-maps',
42 silly cache add   name: 'angular-google-maps',
42 silly cache add   rawSpec: '',
42 silly cache add   spec: 'latest',
42 silly cache add   type: 'tag' }
43 silly addNamed angular-google-maps@latest
44 verbose addNamed "latest" is being treated as a dist-tag for angular-google-maps
45 info addNameTag [ 'angular-google-maps', 'latest' ]
46 silly mapToRegistry name angular-google-maps
47 silly mapToRegistry using default registry
48 silly mapToRegistry registry https://registry.npmjs.org/
49 silly mapToRegistry data Result {
49 silly mapToRegistry   raw: 'angular-google-maps',
49 silly mapToRegistry   scope: null,
49 silly mapToRegistry   escapedName: 'angular-google-maps',
49 silly mapToRegistry   name: 'angular-google-maps',
49 silly mapToRegistry   rawSpec: '',
49 silly mapToRegistry   spec: 'latest',
49 silly mapToRegistry   type: 'tag' }
50 silly mapToRegistry uri https://registry.npmjs.org/angular-google-maps
51 verbose addNameTag registry:https://registry.npmjs.org/angular-google-maps not in flight; fetching
52 verbose get https://registry.npmjs.org/angular-google-maps not expired, no request
53 silly addNameTag next cb for angular-google-maps with tag latest
54 silly addNamed angular-google-maps@2.4.1
55 verbose addNamed "2.4.1" is a plain semver version for angular-google-maps
56 silly cache afterAdd angular-google-maps@2.4.1
57 verbose afterAdd C:\Users\Jose\AppData\Roaming\npm-cache\angular-google-maps\2.4.1\package\package.json not in flight; writing
58 verbose correctMkdir C:\Users\Jose\AppData\Roaming\npm-cache correctMkdir not in flight; initializing
59 verbose afterAdd C:\Users\Jose\AppData\Roaming\npm-cache\angular-google-maps\2.4.1\package\package.json written
60 silly fetchNamedPackageData angular
61 silly mapToRegistry name angular
62 silly mapToRegistry using default registry
63 silly mapToRegistry registry https://registry.npmjs.org/
64 silly mapToRegistry data Result {
64 silly mapToRegistry   raw: 'angular',
64 silly mapToRegistry   scope: null,
64 silly mapToRegistry   escapedName: 'angular',
64 silly mapToRegistry   name: 'angular',
64 silly mapToRegistry   rawSpec: '',
64 silly mapToRegistry   spec: 'latest',
64 silly mapToRegistry   type: 'tag' }
65 silly mapToRegistry uri https://registry.npmjs.org/angular
66 silly fetchNamedPackageData angular-simple-logger
67 silly mapToRegistry name angular-simple-logger
68 silly mapToRegistry using default registry
69 silly mapToRegistry registry https://registry.npmjs.org/
70 silly mapToRegistry data Result {
70 silly mapToRegistry   raw: 'angular-simple-logger',
70 silly mapToRegistry   scope: null,
70 silly mapToRegistry   escapedName: 'angular-simple-logger',
70 silly mapToRegistry   name: 'angular-simple-logger',
70 silly mapToRegistry   rawSpec: '',
70 silly mapToRegistry   spec: 'latest',
70 silly mapToRegistry   type: 'tag' }
71 silly mapToRegistry uri https://registry.npmjs.org/angular-simple-logger
72 silly fetchNamedPackageData google-maps-utility-library-v3-infobox
73 silly mapToRegistry name google-maps-utility-library-v3-infobox
74 silly mapToRegistry using default registry
75 silly mapToRegistry registry https://registry.npmjs.org/
76 silly mapToRegistry data Result {
76 silly mapToRegistry   raw: 'google-maps-utility-library-v3-infobox',
76 silly mapToRegistry   scope: null,
76 silly mapToRegistry   escapedName: 'google-maps-utility-library-v3-infobox',
76 silly mapToRegistry   name: 'google-maps-utility-library-v3-infobox',
76 silly mapToRegistry   rawSpec: '',
76 silly mapToRegistry   spec: 'latest',
76 silly mapToRegistry   type: 'tag' }
77 silly mapToRegistry uri https://registry.npmjs.org/google-maps-utility-library-v3-infobox
78 silly fetchNamedPackageData google-maps-utility-library-v3-keydragzoom
79 silly mapToRegistry name google-maps-utility-library-v3-keydragzoom
80 silly mapToRegistry using default registry
81 silly mapToRegistry registry https://registry.npmjs.org/
82 silly mapToRegistry data Result {
82 silly mapToRegistry   raw: 'google-maps-utility-library-v3-keydragzoom',
82 silly mapToRegistry   scope: null,
82 silly mapToRegistry   escapedName: 'google-maps-utility-library-v3-keydragzoom',
82 silly mapToRegistry   name: 'google-maps-utility-library-v3-keydragzoom',
82 silly mapToRegistry   rawSpec: '',
82 silly mapToRegistry   spec: 'latest',
82 silly mapToRegistry   type: 'tag' }
83 silly mapToRegistry uri https://registry.npmjs.org/google-maps-utility-library-v3-keydragzoom
84 silly fetchNamedPackageData markerclustererplus
85 silly mapToRegistry name markerclustererplus
86 silly mapToRegistry using default registry
87 silly mapToRegistry registry https://registry.npmjs.org/
88 silly mapToRegistry data Result {
88 silly mapToRegistry   raw: 'markerclustererplus',
88 silly mapToRegistry   scope: null,
88 silly mapToRegistry   escapedName: 'markerclustererplus',
88 silly mapToRegistry   name: 'markerclustererplus',
88 silly mapToRegistry   rawSpec: '',
88 silly mapToRegistry   spec: 'latest',
88 silly mapToRegistry   type: 'tag' }
89 silly mapToRegistry uri https://registry.npmjs.org/markerclustererplus
90 silly fetchOtherPackageData google-maps-utility-library-v3-markerwithlabel@git://github.com/nmccready/google-maps-utility-library-v3-markerwithlabel.git
91 silly cache add args [ 'google-maps-utility-library-v3-markerwithlabel@git://github.com/nmccready/google-maps-utility-library-v3-markerwithlabel.git',
91 silly cache add   null ]
92 verbose cache add spec google-maps-utility-library-v3-markerwithlabel@git://github.com/nmccready/google-maps-utility-library-v3-markerwithlabel.git
93 silly fetchOtherPackageData js-rich-marker@git://github.com/MikaFima/js-rich-marker.git#0383f4bbdad4ddf154772fedbdd27e464600e943
94 silly cache add args [ 'js-rich-marker@git://github.com/MikaFima/js-rich-marker.git#0383f4bbdad4ddf154772fedbdd27e464600e943',
94 silly cache add   null ]
95 verbose cache add spec js-rich-marker@git://github.com/MikaFima/js-rich-marker.git#0383f4bbdad4ddf154772fedbdd27e464600e943
96 silly cache add parsed spec Result {
96 silly cache add   raw: 'google-maps-utility-library-v3-markerwithlabel@git://github.com/nmccready/google-maps-utility-library-v3-markerwithlabel.git',
96 silly cache add   scope: null,
96 silly cache add   escapedName: 'google-maps-utility-library-v3-markerwithlabel',
96 silly cache add   name: 'google-maps-utility-library-v3-markerwithlabel',
96 silly cache add   rawSpec: 'git://github.com/nmccready/google-maps-utility-library-v3-markerwithlabel.git',
96 silly cache add   spec: 'git://github.com/nmccready/google-maps-utility-library-v3-markerwithlabel.git',
96 silly cache add   type: 'hosted',
96 silly cache add   hosted:
96 silly cache add    { type: 'github',
96 silly cache add      ssh: 'git@github.com:nmccready/google-maps-utility-library-v3-markerwithlabel.git',
96 silly cache add      sshUrl: 'git+ssh://git@github.com/nmccready/google-maps-utility-library-v3-markerwithlabel.git',
96 silly cache add      httpsUrl: 'git+https://github.com/nmccready/google-maps-utility-library-v3-markerwithlabel.git',
96 silly cache add      gitUrl: 'git://github.com/nmccready/google-maps-utility-library-v3-markerwithlabel.git',
96 silly cache add      shortcut: 'github:nmccready/google-maps-utility-library-v3-markerwithlabel',
96 silly cache add      directUrl: 'https://raw.githubusercontent.com/nmccready/google-maps-utility-library-v3-markerwithlabel/master/package.json' } }
97 verbose addRemoteGit caching git://github.com/nmccready/google-maps-utility-library-v3-markerwithlabel.git
98 verbose addRemoteGit git://github.com/nmccready/google-maps-utility-library-v3-markerwithlabel.git is a repository hosted by github
99 silly tryClone cloning git://github.com/nmccready/google-maps-utility-library-v3-markerwithlabel.git via git://github.com/nmccready/google-maps-utility-library-v3-markerwithlabel.git
100 verbose tryClone git-github-com-nmccready-google-maps-utility-library-v3-markerwithlabel-git-535ad55b not in flight; caching
101 verbose correctMkdir C:\Users\Jose\AppData\Roaming\npm-cache\_git-remotes correctMkdir not in flight; initializing
102 silly cache add parsed spec Result {
102 silly cache add   raw: 'js-rich-marker@git://github.com/MikaFima/js-rich-marker.git#0383f4bbdad4ddf154772fedbdd27e464600e943',
102 silly cache add   scope: null,
102 silly cache add   escapedName: 'js-rich-marker',
102 silly cache add   name: 'js-rich-marker',
102 silly cache add   rawSpec: 'git://github.com/MikaFima/js-rich-marker.git#0383f4bbdad4ddf154772fedbdd27e464600e943',
102 silly cache add   spec: 'git://github.com/MikaFima/js-rich-marker.git#0383f4bbdad4ddf154772fedbdd27e464600e943',
102 silly cache add   type: 'hosted',
102 silly cache add   hosted:
102 silly cache add    { type: 'github',
102 silly cache add      ssh: 'git@github.com:MikaFima/js-rich-marker.git#0383f4bbdad4ddf154772fedbdd27e464600e943',
102 silly cache add      sshUrl: 'git+ssh://git@github.com/MikaFima/js-rich-marker.git#0383f4bbdad4ddf154772fedbdd27e464600e943',
102 silly cache add      httpsUrl: 'git+https://github.com/MikaFima/js-rich-marker.git#0383f4bbdad4ddf154772fedbdd27e464600e943',
102 silly cache add      gitUrl: 'git://github.com/MikaFima/js-rich-marker.git#0383f4bbdad4ddf154772fedbdd27e464600e943',
102 silly cache add      shortcut: 'github:MikaFima/js-rich-marker#0383f4bbdad4ddf154772fedbdd27e464600e943',
102 silly cache add      directUrl: 'https://raw.githubusercontent.com/MikaFima/js-rich-marker/0383f4bbdad4ddf154772fedbdd27e464600e943/package.json' } }
103 verbose addRemoteGit caching git://github.com/MikaFima/js-rich-marker.git#0383f4bbdad4ddf154772fedbdd27e464600e943
104 verbose addRemoteGit git://github.com/MikaFima/js-rich-marker.git#0383f4bbdad4ddf154772fedbdd27e464600e943 is a repository hosted by github
105 silly tryClone cloning git://github.com/MikaFima/js-rich-marker.git#0383f4bbdad4ddf154772fedbdd27e464600e943 via git://github.com/MikaFima/js-rich-marker.git#0383f4bbdad4ddf154772fedbdd27e464600e943
106 verbose tryClone git-github-com-MikaFima-js-rich-marker-git-0383f4bbdad4ddf154772fedbdd27e464600e943-e7abb722 not in flight; caching
107 verbose correctMkdir C:\Users\Jose\AppData\Roaming\npm-cache\_git-remotes correctMkdir already in flight; waiting
108 verbose request uri https://registry.npmjs.org/google-maps-utility-library-v3-infobox
109 verbose request no auth needed
110 info attempt registry request try #1 at 11:17:50
111 verbose etag W/"5819ef21-176a"
112 verbose lastModified Wed, 02 Nov 2016 13:50:25 GMT
113 http request GET https://registry.npmjs.org/google-maps-utility-library-v3-infobox
114 verbose request uri https://registry.npmjs.org/angular-simple-logger
115 verbose request no auth needed
116 info attempt registry request try #1 at 11:17:50
117 verbose etag W/"56a78daf-76b9"
118 verbose lastModified Tue, 26 Jan 2016 15:15:59 GMT
119 http request GET https://registry.npmjs.org/angular-simple-logger
120 verbose request uri https://registry.npmjs.org/google-maps-utility-library-v3-keydragzoom
121 verbose request no auth needed
122 info attempt registry request try #1 at 11:17:50
123 verbose etag W/"573616be-f7b"
124 verbose lastModified Fri, 13 May 2016 18:02:38 GMT
125 http request GET https://registry.npmjs.org/google-maps-utility-library-v3-keydragzoom
126 verbose request uri https://registry.npmjs.org/markerclustererplus
127 verbose request no auth needed
128 info attempt registry request try #1 at 11:17:50
129 verbose etag W/"551c1041-1757"
130 verbose lastModified Wed, 01 Apr 2015 15:35:29 GMT
131 http request GET https://registry.npmjs.org/markerclustererplus
132 verbose request uri https://registry.npmjs.org/angular
133 verbose request no auth needed
134 info attempt registry request try #1 at 11:17:50
135 verbose etag W/"58de220e-24aca"
136 verbose lastModified Fri, 31 Mar 2017 09:31:58 GMT
137 http request GET https://registry.npmjs.org/angular
138 http 304 https://registry.npmjs.org/google-maps-utility-library-v3-infobox
139 verbose headers { date: 'Wed, 05 Apr 2017 10:17:50 GMT',
139 verbose headers   via: '1.1 varnish',
139 verbose headers   'cache-control': 'max-age=300',
139 verbose headers   etag: 'W/"5819ef21-176a"',
139 verbose headers   age: '41',
139 verbose headers   connection: 'keep-alive',
139 verbose headers   'x-served-by': 'cache-mad9423-MAD',
139 verbose headers   'x-cache': 'HIT',
139 verbose headers   'x-cache-hits': '1',
139 verbose headers   'x-timer': 'S1491387470.067084,VS0,VE0',
139 verbose headers   vary: 'Accept-Encoding' }
140 silly get cb [ 304,
140 silly get   { date: 'Wed, 05 Apr 2017 10:17:50 GMT',
140 silly get     via: '1.1 varnish',
140 silly get     'cache-control': 'max-age=300',
140 silly get     etag: 'W/"5819ef21-176a"',
140 silly get     age: '41',
140 silly get     connection: 'keep-alive',
140 silly get     'x-served-by': 'cache-mad9423-MAD',
140 silly get     'x-cache': 'HIT',
140 silly get     'x-cache-hits': '1',
140 silly get     'x-timer': 'S1491387470.067084,VS0,VE0',
140 silly get     vary: 'Accept-Encoding' } ]
141 verbose etag https://registry.npmjs.org/google-maps-utility-library-v3-infobox from cache
142 verbose get saving google-maps-utility-library-v3-infobox to C:\Users\Jose\AppData\Roaming\npm-cache\registry.npmjs.org\google-maps-utility-library-v3-infobox\.cache.json
143 verbose correctMkdir C:\Users\Jose\AppData\Roaming\npm-cache correctMkdir not in flight; initializing
144 silly resolveWithNewModule google-maps-utility-library-v3-infobox@1.1.14 checking installable status
145 silly cache add args [ 'google-maps-utility-library-v3-infobox@1.1.14', null ]
146 verbose cache add spec google-maps-utility-library-v3-infobox@1.1.14
147 silly cache add parsed spec Result {
147 silly cache add   raw: 'google-maps-utility-library-v3-infobox@1.1.14',
147 silly cache add   scope: null,
147 silly cache add   escapedName: 'google-maps-utility-library-v3-infobox',
147 silly cache add   name: 'google-maps-utility-library-v3-infobox',
147 silly cache add   rawSpec: '1.1.14',
147 silly cache add   spec: '1.1.14',
147 silly cache add   type: 'version' }
148 silly addNamed google-maps-utility-library-v3-infobox@1.1.14
149 verbose addNamed "1.1.14" is a plain semver version for google-maps-utility-library-v3-infobox
150 silly mapToRegistry name google-maps-utility-library-v3-infobox
151 silly mapToRegistry using default registry
152 silly mapToRegistry registry https://registry.npmjs.org/
153 silly mapToRegistry data Result {
153 silly mapToRegistry   raw: 'google-maps-utility-library-v3-infobox',
153 silly mapToRegistry   scope: null,
153 silly mapToRegistry   escapedName: 'google-maps-utility-library-v3-infobox',
153 silly mapToRegistry   name: 'google-maps-utility-library-v3-infobox',
153 silly mapToRegistry   rawSpec: '',
153 silly mapToRegistry   spec: 'latest',
153 silly mapToRegistry   type: 'tag' }
154 silly mapToRegistry uri https://registry.npmjs.org/google-maps-utility-library-v3-infobox
155 verbose addNameVersion registry:https://registry.npmjs.org/google-maps-utility-library-v3-infobox not in flight; fetching
156 verbose get https://registry.npmjs.org/google-maps-utility-library-v3-infobox not expired, no request
157 silly cache afterAdd google-maps-utility-library-v3-infobox@1.1.14
158 verbose afterAdd C:\Users\Jose\AppData\Roaming\npm-cache\google-maps-utility-library-v3-infobox\1.1.14\package\package.json not in flight; writing
159 verbose correctMkdir C:\Users\Jose\AppData\Roaming\npm-cache correctMkdir not in flight; initializing
160 verbose afterAdd C:\Users\Jose\AppData\Roaming\npm-cache\google-maps-utility-library-v3-infobox\1.1.14\package\package.json written
161 warn addRemoteGit Error: not found: git
161 warn addRemoteGit     at getNotFoundError (C:\Program Files\nodejs\node_modules\npm\node_modules\which\which.js:14:12)
161 warn addRemoteGit     at F (C:\Program Files\nodejs\node_modules\npm\node_modules\which\which.js:69:19)
161 warn addRemoteGit     at E (C:\Program Files\nodejs\node_modules\npm\node_modules\which\which.js:81:29)
161 warn addRemoteGit     at C:\Program Files\nodejs\node_modules\npm\node_modules\which\which.js:90:16
161 warn addRemoteGit     at C:\Program Files\nodejs\node_modules\npm\node_modules\which\node_modules\isexe\index.js:44:5
161 warn addRemoteGit     at C:\Program Files\nodejs\node_modules\npm\node_modules\which\node_modules\isexe\windows.js:29:5
161 warn addRemoteGit     at FSReqWrap.oncomplete (fs.js:123:15)
161 warn addRemoteGit  git://github.com/nmccready/google-maps-utility-library-v3-markerwithlabel.git resetting remote C:\Users\Jose\AppData\Roaming\npm-cache\_git-remotes\git-github-com-nmccready-google-maps-utility-library-v3-markerwithlabel-git-535ad55b because of error: { Error: not found: git
161 warn addRemoteGit     at getNotFoundError (C:\Program Files\nodejs\node_modules\npm\node_modules\which\which.js:14:12)
161 warn addRemoteGit     at F (C:\Program Files\nodejs\node_modules\npm\node_modules\which\which.js:69:19)
161 warn addRemoteGit     at E (C:\Program Files\nodejs\node_modules\npm\node_modules\which\which.js:81:29)
161 warn addRemoteGit     at C:\Program Files\nodejs\node_modules\npm\node_modules\which\which.js:90:16
161 warn addRemoteGit     at C:\Program Files\nodejs\node_modules\npm\node_modules\which\node_modules\isexe\index.js:44:5
161 warn addRemoteGit     at C:\Program Files\nodejs\node_modules\npm\node_modules\which\node_modules\isexe\windows.js:29:5
161 warn addRemoteGit     at FSReqWrap.oncomplete (fs.js:123:15) code: 'ENOGIT' }
162 info resetRemote resetting C:\Users\Jose\AppData\Roaming\npm-cache\_git-remotes\git-github-com-nmccready-google-maps-utility-library-v3-markerwithlabel-git-535ad55b for git://github.com/nmccready/google-maps-utility-library-v3-markerwithlabel.git
163 silly gentlyRm C:\Users\Jose\AppData\Roaming\npm-cache\_git-remotes\git-github-com-nmccready-google-maps-utility-library-v3-markerwithlabel-git-535ad55b is being purged
164 verbose gentlyRm don't care about contents; nuking C:\Users\Jose\AppData\Roaming\npm-cache\_git-remotes\git-github-com-nmccready-google-maps-utility-library-v3-markerwithlabel-git-535ad55b
165 silly vacuum-fs purging C:\Users\Jose\AppData\Roaming\npm-cache\_git-remotes\git-github-com-nmccready-google-maps-utility-library-v3-markerwithlabel-git-535ad55b
166 warn addRemoteGit Error: not found: git
166 warn addRemoteGit     at getNotFoundError (C:\Program Files\nodejs\node_modules\npm\node_modules\which\which.js:14:12)
166 warn addRemoteGit     at F (C:\Program Files\nodejs\node_modules\npm\node_modules\which\which.js:69:19)
166 warn addRemoteGit     at E (C:\Program Files\nodejs\node_modules\npm\node_modules\which\which.js:81:29)
166 warn addRemoteGit     at C:\Program Files\nodejs\node_modules\npm\node_modules\which\which.js:90:16
166 warn addRemoteGit     at C:\Program Files\nodejs\node_modules\npm\node_modules\which\node_modules\isexe\index.js:44:5
166 warn addRemoteGit     at C:\Program Files\nodejs\node_modules\npm\node_modules\which\node_modules\isexe\windows.js:29:5
166 warn addRemoteGit     at FSReqWrap.oncomplete (fs.js:123:15)
166 warn addRemoteGit  git://github.com/MikaFima/js-rich-marker.git#0383f4bbdad4ddf154772fedbdd27e464600e943 resetting remote C:\Users\Jose\AppData\Roaming\npm-cache\_git-remotes\git-github-com-MikaFima-js-rich-marker-git-0383f4bbdad4ddf154772fedbdd27e464600e943-e7abb722 because of error: { Error: not found: git
166 warn addRemoteGit     at getNotFoundError (C:\Program Files\nodejs\node_modules\npm\node_modules\which\which.js:14:12)
166 warn addRemoteGit     at F (C:\Program Files\nodejs\node_modules\npm\node_modules\which\which.js:69:19)
166 warn addRemoteGit     at E (C:\Program Files\nodejs\node_modules\npm\node_modules\which\which.js:81:29)
166 warn addRemoteGit     at C:\Program Files\nodejs\node_modules\npm\node_modules\which\which.js:90:16
166 warn addRemoteGit     at C:\Program Files\nodejs\node_modules\npm\node_modules\which\node_modules\isexe\index.js:44:5
166 warn addRemoteGit     at C:\Program Files\nodejs\node_modules\npm\node_modules\which\node_modules\isexe\windows.js:29:5
166 warn addRemoteGit     at FSReqWrap.oncomplete (fs.js:123:15) code: 'ENOGIT' }
167 info resetRemote resetting C:\Users\Jose\AppData\Roaming\npm-cache\_git-remotes\git-github-com-MikaFima-js-rich-marker-git-0383f4bbdad4ddf154772fedbdd27e464600e943-e7abb722 for git://github.com/MikaFima/js-rich-marker.git#0383f4bbdad4ddf154772fedbdd27e464600e943
168 silly gentlyRm C:\Users\Jose\AppData\Roaming\npm-cache\_git-remotes\git-github-com-MikaFima-js-rich-marker-git-0383f4bbdad4ddf154772fedbdd27e464600e943-e7abb722 is being purged
169 verbose gentlyRm don't care about contents; nuking C:\Users\Jose\AppData\Roaming\npm-cache\_git-remotes\git-github-com-MikaFima-js-rich-marker-git-0383f4bbdad4ddf154772fedbdd27e464600e943-e7abb722
170 silly vacuum-fs purging C:\Users\Jose\AppData\Roaming\npm-cache\_git-remotes\git-github-com-MikaFima-js-rich-marker-git-0383f4bbdad4ddf154772fedbdd27e464600e943-e7abb722
171 silly vacuum-fs quitting because other entries in C:\Users\Jose\AppData\Roaming\npm-cache\_git-remotes
172 http 304 https://registry.npmjs.org/angular-simple-logger
173 verbose headers { date: 'Wed, 05 Apr 2017 10:17:50 GMT',
173 verbose headers   via: '1.1 varnish',
173 verbose headers   'cache-control': 'max-age=300',
173 verbose headers   etag: 'W/"56a78daf-76b9"',
173 verbose headers   age: '41',
173 verbose headers   connection: 'keep-alive',
173 verbose headers   'x-served-by': 'cache-mad9433-MAD',
173 verbose headers   'x-cache': 'HIT',
173 verbose headers   'x-cache-hits': '1',
173 verbose headers   'x-timer': 'S1491387470.188918,VS0,VE0',
173 verbose headers   vary: 'Accept-Encoding' }
174 silly get cb [ 304,
174 silly get   { date: 'Wed, 05 Apr 2017 10:17:50 GMT',
174 silly get     via: '1.1 varnish',
174 silly get     'cache-control': 'max-age=300',
174 silly get     etag: 'W/"56a78daf-76b9"',
174 silly get     age: '41',
174 silly get     connection: 'keep-alive',
174 silly get     'x-served-by': 'cache-mad9433-MAD',
174 silly get     'x-cache': 'HIT',
174 silly get     'x-cache-hits': '1',
174 silly get     'x-timer': 'S1491387470.188918,VS0,VE0',
174 silly get     vary: 'Accept-Encoding' } ]
175 verbose etag https://registry.npmjs.org/angular-simple-logger from cache
176 verbose get saving angular-simple-logger to C:\Users\Jose\AppData\Roaming\npm-cache\registry.npmjs.org\angular-simple-logger\.cache.json
177 verbose correctMkdir C:\Users\Jose\AppData\Roaming\npm-cache correctMkdir not in flight; initializing
178 http 304 https://registry.npmjs.org/google-maps-utility-library-v3-keydragzoom
179 verbose headers { date: 'Wed, 05 Apr 2017 10:17:50 GMT',
179 verbose headers   via: '1.1 varnish',
179 verbose headers   'cache-control': 'max-age=300',
179 verbose headers   etag: 'W/"573616be-f7b"',
179 verbose headers   age: '41',
179 verbose headers   connection: 'keep-alive',
179 verbose headers   'x-served-by': 'cache-mad9427-MAD',
179 verbose headers   'x-cache': 'HIT',
179 verbose headers   'x-cache-hits': '1',
179 verbose headers   'x-timer': 'S1491387470.188271,VS0,VE0',
179 verbose headers   vary: 'Accept-Encoding' }
180 silly get cb [ 304,
180 silly get   { date: 'Wed, 05 Apr 2017 10:17:50 GMT',
180 silly get     via: '1.1 varnish',
180 silly get     'cache-control': 'max-age=300',
180 silly get     etag: 'W/"573616be-f7b"',
180 silly get     age: '41',
180 silly get     connection: 'keep-alive',
180 silly get     'x-served-by': 'cache-mad9427-MAD',
180 silly get     'x-cache': 'HIT',
180 silly get     'x-cache-hits': '1',
180 silly get     'x-timer': 'S1491387470.188271,VS0,VE0',
180 silly get     vary: 'Accept-Encoding' } ]
181 verbose etag https://registry.npmjs.org/google-maps-utility-library-v3-keydragzoom from cache
182 verbose get saving google-maps-utility-library-v3-keydragzoom to C:\Users\Jose\AppData\Roaming\npm-cache\registry.npmjs.org\google-maps-utility-library-v3-keydragzoom\.cache.json
183 verbose correctMkdir C:\Users\Jose\AppData\Roaming\npm-cache correctMkdir not in flight; initializing
184 http 304 https://registry.npmjs.org/angular
185 verbose headers { date: 'Wed, 05 Apr 2017 10:17:50 GMT',
185 verbose headers   via: '1.1 varnish',
185 verbose headers   'cache-control': 'max-age=300',
185 verbose headers   etag: 'W/"58de220e-24aca"',
185 verbose headers   age: '136',
185 verbose headers   connection: 'keep-alive',
185 verbose headers   'x-served-by': 'cache-mad9433-MAD',
185 verbose headers   'x-cache': 'HIT',
185 verbose headers   'x-cache-hits': '1',
185 verbose headers   'x-timer': 'S1491387470.189542,VS0,VE0',
185 verbose headers   vary: 'Accept-Encoding' }
186 silly get cb [ 304,
186 silly get   { date: 'Wed, 05 Apr 2017 10:17:50 GMT',
186 silly get     via: '1.1 varnish',
186 silly get     'cache-control': 'max-age=300',
186 silly get     etag: 'W/"58de220e-24aca"',
186 silly get     age: '136',
186 silly get     connection: 'keep-alive',
186 silly get     'x-served-by': 'cache-mad9433-MAD',
186 silly get     'x-cache': 'HIT',
186 silly get     'x-cache-hits': '1',
186 silly get     'x-timer': 'S1491387470.189542,VS0,VE0',
186 silly get     vary: 'Accept-Encoding' } ]
187 verbose etag https://registry.npmjs.org/angular from cache
188 verbose get saving angular to C:\Users\Jose\AppData\Roaming\npm-cache\registry.npmjs.org\angular\.cache.json
189 verbose correctMkdir C:\Users\Jose\AppData\Roaming\npm-cache correctMkdir not in flight; initializing
190 silly vacuum-fs quitting because other entries in C:\Users\Jose\AppData\Roaming\npm-cache\_git-remotes
191 http 304 https://registry.npmjs.org/markerclustererplus
192 verbose headers { date: 'Wed, 05 Apr 2017 10:17:50 GMT',
192 verbose headers   via: '1.1 varnish',
192 verbose headers   'cache-control': 'max-age=300',
192 verbose headers   etag: 'W/"551c1041-1757"',
192 verbose headers   age: '41',
192 verbose headers   connection: 'keep-alive',
192 verbose headers   'x-served-by': 'cache-mad9430-MAD',
192 verbose headers   'x-cache': 'HIT',
192 verbose headers   'x-cache-hits': '1',
192 verbose headers   'x-timer': 'S1491387470.189536,VS0,VE0',
192 verbose headers   vary: 'Accept-Encoding' }
193 silly get cb [ 304,
193 silly get   { date: 'Wed, 05 Apr 2017 10:17:50 GMT',
193 silly get     via: '1.1 varnish',
193 silly get     'cache-control': 'max-age=300',
193 silly get     etag: 'W/"551c1041-1757"',
193 silly get     age: '41',
193 silly get     connection: 'keep-alive',
193 silly get     'x-served-by': 'cache-mad9430-MAD',
193 silly get     'x-cache': 'HIT',
193 silly get     'x-cache-hits': '1',
193 silly get     'x-timer': 'S1491387470.189536,VS0,VE0',
193 silly get     vary: 'Accept-Encoding' } ]
194 verbose etag https://registry.npmjs.org/markerclustererplus from cache
195 verbose get saving markerclustererplus to C:\Users\Jose\AppData\Roaming\npm-cache\registry.npmjs.org\markerclustererplus\.cache.json
196 verbose correctMkdir C:\Users\Jose\AppData\Roaming\npm-cache correctMkdir not in flight; initializing
197 silly resolveWithNewModule google-maps-utility-library-v3-keydragzoom@2.0.9 checking installable status
198 silly cache add args [ 'google-maps-utility-library-v3-keydragzoom@2.0.9', null ]
199 verbose cache add spec google-maps-utility-library-v3-keydragzoom@2.0.9
200 silly cache add parsed spec Result {
200 silly cache add   raw: 'google-maps-utility-library-v3-keydragzoom@2.0.9',
200 silly cache add   scope: null,
200 silly cache add   escapedName: 'google-maps-utility-library-v3-keydragzoom',
200 silly cache add   name: 'google-maps-utility-library-v3-keydragzoom',
200 silly cache add   rawSpec: '2.0.9',
200 silly cache add   spec: '2.0.9',
200 silly cache add   type: 'version' }
201 silly addNamed google-maps-utility-library-v3-keydragzoom@2.0.9
202 verbose addNamed "2.0.9" is a plain semver version for google-maps-utility-library-v3-keydragzoom
203 silly mapToRegistry name google-maps-utility-library-v3-keydragzoom
204 silly mapToRegistry using default registry
205 silly mapToRegistry registry https://registry.npmjs.org/
206 silly mapToRegistry data Result {
206 silly mapToRegistry   raw: 'google-maps-utility-library-v3-keydragzoom',
206 silly mapToRegistry   scope: null,
206 silly mapToRegistry   escapedName: 'google-maps-utility-library-v3-keydragzoom',
206 silly mapToRegistry   name: 'google-maps-utility-library-v3-keydragzoom',
206 silly mapToRegistry   rawSpec: '',
206 silly mapToRegistry   spec: 'latest',
206 silly mapToRegistry   type: 'tag' }
207 silly mapToRegistry uri https://registry.npmjs.org/google-maps-utility-library-v3-keydragzoom
208 verbose addNameVersion registry:https://registry.npmjs.org/google-maps-utility-library-v3-keydragzoom not in flight; fetching
209 silly resolveWithNewModule angular-simple-logger@0.1.7 checking installable status
210 silly cache add args [ 'angular-simple-logger@>=0.0.1', null ]
211 verbose cache add spec angular-simple-logger@>=0.0.1
212 silly cache add parsed spec Result {
212 silly cache add   raw: 'angular-simple-logger@>=0.0.1',
212 silly cache add   scope: null,
212 silly cache add   escapedName: 'angular-simple-logger',
212 silly cache add   name: 'angular-simple-logger',
212 silly cache add   rawSpec: '>=0.0.1',
212 silly cache add   spec: '>=0.0.1',
212 silly cache add   type: 'range' }
213 silly addNamed angular-simple-logger@>=0.0.1
214 verbose addNamed ">=0.0.1" is a valid semver range for angular-simple-logger
215 silly addNameRange { name: 'angular-simple-logger',
215 silly addNameRange   range: '>=0.0.1',
215 silly addNameRange   hasData: false }
216 silly mapToRegistry name angular-simple-logger
217 silly mapToRegistry using default registry
218 silly mapToRegistry registry https://registry.npmjs.org/
219 silly mapToRegistry data Result {
219 silly mapToRegistry   raw: 'angular-simple-logger',
219 silly mapToRegistry   scope: null,
219 silly mapToRegistry   escapedName: 'angular-simple-logger',
219 silly mapToRegistry   name: 'angular-simple-logger',
219 silly mapToRegistry   rawSpec: '',
219 silly mapToRegistry   spec: 'latest',
219 silly mapToRegistry   type: 'tag' }
220 silly mapToRegistry uri https://registry.npmjs.org/angular-simple-logger
221 verbose addNameRange registry:https://registry.npmjs.org/angular-simple-logger not in flight; fetching
222 silly resolveWithNewModule angular@1.6.4 checking installable status
223 silly cache add args [ 'angular@1.2 - 1.6', null ]
224 verbose cache add spec angular@1.2 - 1.6
225 silly cache add parsed spec Result {
225 silly cache add   raw: 'angular@1.2 - 1.6',
225 silly cache add   scope: null,
225 silly cache add   escapedName: 'angular',
225 silly cache add   name: 'angular',
225 silly cache add   rawSpec: '1.2 - 1.6',
225 silly cache add   spec: '>=1.2.0 <1.7.0',
225 silly cache add   type: 'range' }
226 silly addNamed angular@>=1.2.0 <1.7.0
227 verbose addNamed ">=1.2.0 <1.7.0" is a valid semver range for angular
228 silly addNameRange { name: 'angular', range: '>=1.2.0 <1.7.0', hasData: false }
229 silly mapToRegistry name angular
230 silly mapToRegistry using default registry
231 silly mapToRegistry registry https://registry.npmjs.org/
232 silly mapToRegistry data Result {
232 silly mapToRegistry   raw: 'angular',
232 silly mapToRegistry   scope: null,
232 silly mapToRegistry   escapedName: 'angular',
232 silly mapToRegistry   name: 'angular',
232 silly mapToRegistry   rawSpec: '',
232 silly mapToRegistry   spec: 'latest',
232 silly mapToRegistry   type: 'tag' }
233 silly mapToRegistry uri https://registry.npmjs.org/angular
234 verbose addNameRange registry:https://registry.npmjs.org/angular not in flight; fetching
235 silly resolveWithNewModule markerclustererplus@2.1.4 checking installable status
236 silly cache add args [ 'markerclustererplus@2.1.4', null ]
237 verbose cache add spec markerclustererplus@2.1.4
238 silly cache add parsed spec Result {
238 silly cache add   raw: 'markerclustererplus@2.1.4',
238 silly cache add   scope: null,
238 silly cache add   escapedName: 'markerclustererplus',
238 silly cache add   name: 'markerclustererplus',
238 silly cache add   rawSpec: '2.1.4',
238 silly cache add   spec: '2.1.4',
238 silly cache add   type: 'version' }
239 silly addNamed markerclustererplus@2.1.4
240 verbose addNamed "2.1.4" is a plain semver version for markerclustererplus
241 silly mapToRegistry name markerclustererplus
242 silly mapToRegistry using default registry
243 silly mapToRegistry registry https://registry.npmjs.org/
244 silly mapToRegistry data Result {
244 silly mapToRegistry   raw: 'markerclustererplus',
244 silly mapToRegistry   scope: null,
244 silly mapToRegistry   escapedName: 'markerclustererplus',
244 silly mapToRegistry   name: 'markerclustererplus',
244 silly mapToRegistry   rawSpec: '',
244 silly mapToRegistry   spec: 'latest',
244 silly mapToRegistry   type: 'tag' }
245 silly mapToRegistry uri https://registry.npmjs.org/markerclustererplus
246 verbose addNameVersion registry:https://registry.npmjs.org/markerclustererplus not in flight; fetching
247 verbose get https://registry.npmjs.org/google-maps-utility-library-v3-keydragzoom not expired, no request
248 verbose get https://registry.npmjs.org/angular-simple-logger not expired, no request
249 silly addNameRange number 2 { name: 'angular-simple-logger',
249 silly addNameRange   range: '>=0.0.1',
249 silly addNameRange   hasData: true }
250 silly addNameRange versions [ 'angular-simple-logger',
250 silly addNameRange   [ '0.0.1',
250 silly addNameRange     '0.0.2',
250 silly addNameRange     '0.0.3',
250 silly addNameRange     '0.0.4',
250 silly addNameRange     '0.1.0',
250 silly addNameRange     '0.1.1',
250 silly addNameRange     '0.1.2',
250 silly addNameRange     '0.1.3',
250 silly addNameRange     '0.1.4',
250 silly addNameRange     '0.1.5',
250 silly addNameRange     '0.1.6',
250 silly addNameRange     '0.1.7' ] ]
251 silly addNamed angular-simple-logger@0.1.7
252 verbose addNamed "0.1.7" is a plain semver version for angular-simple-logger
253 verbose get https://registry.npmjs.org/angular not expired, no request
254 silly addNameRange number 2 { name: 'angular', range: '>=1.2.0 <1.7.0', hasData: true }
255 silly addNameRange versions [ 'angular',
255 silly addNameRange   [ '0.0.1',
255 silly addNameRange     '0.0.1-1',
255 silly addNameRange     '0.0.1-2',
255 silly addNameRange     '0.0.2',
255 silly addNameRange     '0.0.3',
255 silly addNameRange     '0.0.4',
255 silly addNameRange     '1.0.0',
255 silly addNameRange     '1.0.1',
255 silly addNameRange     '1.0.2',
255 silly addNameRange     '1.0.3',
255 silly addNameRange     '1.0.4',
255 silly addNameRange     '1.0.5',
255 silly addNameRange     '1.0.6',
255 silly addNameRange     '1.0.7',
255 silly addNameRange     '1.0.8',
255 silly addNameRange     '1.1.0',
255 silly addNameRange     '1.1.1',
255 silly addNameRange     '1.1.2',
255 silly addNameRange     '1.1.3',
255 silly addNameRange     '1.1.4',
255 silly addNameRange     '1.1.5',
255 silly addNameRange     '1.2.0',
255 silly addNameRange     '1.2.1',
255 silly addNameRange     '1.2.2',
255 silly addNameRange     '1.2.3',
255 silly addNameRange     '1.2.4',
255 silly addNameRange     '1.2.5',
255 silly addNameRange     '1.2.6',
255 silly addNameRange     '1.2.7',
255 silly addNameRange     '1.2.8',
255 silly addNameRange     '1.2.9',
255 silly addNameRange     '1.2.10',
255 silly addNameRange     '1.2.11',
255 silly addNameRange     '1.2.12',
255 silly addNameRange     '1.2.13',
255 silly addNameRange     '1.2.14',
255 silly addNameRange     '1.2.15',
255 silly addNameRange     '1.2.16',
255 silly addNameRange     '1.2.17',
255 silly addNameRange     '1.2.18',
255 silly addNameRange     '1.2.19',
255 silly addNameRange     '1.2.20',
255 silly addNameRange     '1.2.21',
255 silly addNameRange     '1.2.22',
255 silly addNameRange     '1.2.23',
255 silly addNameRange     '1.3.0-rc.5',
255 silly addNameRange     '1.3.0',
255 silly addNameRange     '1.3.1',
255 silly addNameRange     '1.3.2',
255 silly addNameRange     '1.3.3',
255 silly addNameRange     '1.3.4-build.3588',
255 silly addNameRange     '1.2.27',
255 silly addNameRange     '1.3.4',
255 silly addNameRange     '1.3.5',
255 silly addNameRange     '1.3.6',
255 silly addNameRange     '1.3.7',
255 silly addNameRange     '1.2.28',
255 silly addNameRange     '1.3.8',
255 silly addNameRange     '1.4.0-beta.0',
255 silly addNameRange     '1.3.9',
255 silly addNameRange     '1.3.10',
255 silly addNameRange     '1.4.0-beta.1',
255 silly addNameRange     '1.4.0-beta.2',
255 silly addNameRange     '1.3.11',
255 silly addNameRange     '1.4.0-beta.3',
255 silly addNameRange     '1.3.12',
255 silly addNameRange     '1.3.13',
255 silly addNameRange     '1.4.0-beta.4',
255 silly addNameRange     '1.3.14',
255 silly addNameRange     '1.4.0-beta.5',
255 silly addNameRange     '1.4.0-beta.6',
255 silly addNameRange     '1.3.15',
255 silly addNameRange     '1.4.0-rc.0',
255 silly addNameRange     '1.4.0-rc.1',
255 silly addNameRange     '1.4.0-rc.2',
255 silly addNameRange     '1.4.0',
255 silly addNameRange     '1.3.16',
255 silly addNameRange     '1.4.1',
255 silly addNameRange     '1.4.2',
255 silly addNameRange     '1.3.17',
255 silly addNameRange     '1.4.3',
255 silly addNameRange     '1.4.4',
255 silly addNameRange     '1.3.18',
255 silly addNameRange     '1.4.5',
255 silly addNameRange     '1.3.19',
255 silly addNameRange     '1.4.6',
255 silly addNameRange     '1.5.0-beta.0',
255 silly addNameRange     '1.2.29',
255 silly addNameRange     '1.3.20',
255 silly addNameRange     '1.4.7',
255 silly addNameRange     '1.5.0-beta.2',
255 silly addNameRange     '1.4.8',
255 silly addNameRange     '1.5.0-rc.0',
255 silly addNameRange     '1.5.0-rc.1',
255 silly addNameRange     '1.4.9',
255 silly addNameRange     '1.5.0-rc.2',
255 silly addNameRange     '1.5.0',
255 silly addNameRange     '1.5.1',
255 silly addNameRange     '1.4.10',
255 silly addNameRange     '1.5.2',
255 silly addNameRange     ... 23 more items ] ]
256 silly addNamed angular@1.6.4
257 verbose addNamed "1.6.4" is a plain semver version for angular
258 verbose get https://registry.npmjs.org/markerclustererplus not expired, no request
259 silly cache afterAdd google-maps-utility-library-v3-keydragzoom@2.0.9
260 verbose afterAdd C:\Users\Jose\AppData\Roaming\npm-cache\google-maps-utility-library-v3-keydragzoom\2.0.9\package\package.json not in flight; writing
261 verbose correctMkdir C:\Users\Jose\AppData\Roaming\npm-cache correctMkdir not in flight; initializing
262 silly cache afterAdd angular-simple-logger@0.1.7
263 verbose afterAdd C:\Users\Jose\AppData\Roaming\npm-cache\angular-simple-logger\0.1.7\package\package.json not in flight; writing
264 verbose correctMkdir C:\Users\Jose\AppData\Roaming\npm-cache correctMkdir not in flight; initializing
265 silly cache afterAdd angular@1.6.4
266 verbose afterAdd C:\Users\Jose\AppData\Roaming\npm-cache\angular\1.6.4\package\package.json not in flight; writing
267 verbose correctMkdir C:\Users\Jose\AppData\Roaming\npm-cache correctMkdir not in flight; initializing
268 silly cache afterAdd markerclustererplus@2.1.4
269 verbose afterAdd C:\Users\Jose\AppData\Roaming\npm-cache\markerclustererplus\2.1.4\package\package.json not in flight; writing
270 verbose correctMkdir C:\Users\Jose\AppData\Roaming\npm-cache correctMkdir not in flight; initializing
271 verbose afterAdd C:\Users\Jose\AppData\Roaming\npm-cache\google-maps-utility-library-v3-keydragzoom\2.0.9\package\package.json written
272 verbose afterAdd C:\Users\Jose\AppData\Roaming\npm-cache\angular-simple-logger\0.1.7\package\package.json written
273 verbose afterAdd C:\Users\Jose\AppData\Roaming\npm-cache\angular\1.6.4\package\package.json written
274 verbose afterAdd C:\Users\Jose\AppData\Roaming\npm-cache\markerclustererplus\2.1.4\package\package.json written
275 error git clone --template=C:\Users\Jose\AppData\Roaming\npm-cache\_git-remotes\_templates --mirror git://github.com/nmccready/google-maps-utility-library-v3-markerwithlabel.git C:\Users\Jose\AppData\Roaming\npm-cache\_git-remotes\git-github-com-nmccready-google-maps-utility-library-v3-markerwithlabel-git-535ad55b: undefined
275 error git clone --template=C:\Users\Jose\AppData\Roaming\npm-cache\_git-remotes\_templates --mirror git://github.com/nmccready/google-maps-utility-library-v3-markerwithlabel.git C:\Users\Jose\AppData\Roaming\npm-cache\_git-remotes\git-github-com-nmccready-google-maps-utility-library-v3-markerwithlabel-git-535ad55b: undefined
276 silly fetchPackageMetaData Error: not found: git
276 silly fetchPackageMetaData     at getNotFoundError (C:\Program Files\nodejs\node_modules\npm\node_modules\which\which.js:14:12)
276 silly fetchPackageMetaData     at F (C:\Program Files\nodejs\node_modules\npm\node_modules\which\which.js:69:19)
276 silly fetchPackageMetaData     at E (C:\Program Files\nodejs\node_modules\npm\node_modules\which\which.js:81:29)
276 silly fetchPackageMetaData     at C:\Program Files\nodejs\node_modules\npm\node_modules\which\which.js:90:16
276 silly fetchPackageMetaData     at C:\Program Files\nodejs\node_modules\npm\node_modules\which\node_modules\isexe\index.js:44:5
276 silly fetchPackageMetaData     at C:\Program Files\nodejs\node_modules\npm\node_modules\which\node_modules\isexe\windows.js:29:5
276 silly fetchPackageMetaData     at FSReqWrap.oncomplete (fs.js:123:15)
276 silly fetchPackageMetaData  error for google-maps-utility-library-v3-markerwithlabel@git://github.com/nmccready/google-maps-utility-library-v3-markerwithlabel.git { Error: not found: git
276 silly fetchPackageMetaData     at getNotFoundError (C:\Program Files\nodejs\node_modules\npm\node_modules\which\which.js:14:12)
276 silly fetchPackageMetaData     at F (C:\Program Files\nodejs\node_modules\npm\node_modules\which\which.js:69:19)
276 silly fetchPackageMetaData     at E (C:\Program Files\nodejs\node_modules\npm\node_modules\which\which.js:81:29)
276 silly fetchPackageMetaData     at C:\Program Files\nodejs\node_modules\npm\node_modules\which\which.js:90:16
276 silly fetchPackageMetaData     at C:\Program Files\nodejs\node_modules\npm\node_modules\which\node_modules\isexe\index.js:44:5
276 silly fetchPackageMetaData     at C:\Program Files\nodejs\node_modules\npm\node_modules\which\node_modules\isexe\windows.js:29:5
276 silly fetchPackageMetaData     at FSReqWrap.oncomplete (fs.js:123:15) code: 'ENOGIT' }
277 error git clone --template=C:\Users\Jose\AppData\Roaming\npm-cache\_git-remotes\_templates --mirror git://github.com/MikaFima/js-rich-marker.git C:\Users\Jose\AppData\Roaming\npm-cache\_git-remotes\git-github-com-MikaFima-js-rich-marker-git-0383f4bbdad4ddf154772fedbdd27e464600e943-e7abb722: undefined
277 error git clone --template=C:\Users\Jose\AppData\Roaming\npm-cache\_git-remotes\_templates --mirror git://github.com/MikaFima/js-rich-marker.git C:\Users\Jose\AppData\Roaming\npm-cache\_git-remotes\git-github-com-MikaFima-js-rich-marker-git-0383f4bbdad4ddf154772fedbdd27e464600e943-e7abb722: undefined
278 silly fetchPackageMetaData Error: not found: git
278 silly fetchPackageMetaData     at getNotFoundError (C:\Program Files\nodejs\node_modules\npm\node_modules\which\which.js:14:12)
278 silly fetchPackageMetaData     at F (C:\Program Files\nodejs\node_modules\npm\node_modules\which\which.js:69:19)
278 silly fetchPackageMetaData     at E (C:\Program Files\nodejs\node_modules\npm\node_modules\which\which.js:81:29)
278 silly fetchPackageMetaData     at C:\Program Files\nodejs\node_modules\npm\node_modules\which\which.js:90:16
278 silly fetchPackageMetaData     at C:\Program Files\nodejs\node_modules\npm\node_modules\which\node_modules\isexe\index.js:44:5
278 silly fetchPackageMetaData     at C:\Program Files\nodejs\node_modules\npm\node_modules\which\node_modules\isexe\windows.js:29:5
278 silly fetchPackageMetaData     at FSReqWrap.oncomplete (fs.js:123:15)
278 silly fetchPackageMetaData  error for js-rich-marker@git://github.com/MikaFima/js-rich-marker.git#0383f4bbdad4ddf154772fedbdd27e464600e943 { Error: not found: git
278 silly fetchPackageMetaData     at getNotFoundError (C:\Program Files\nodejs\node_modules\npm\node_modules\which\which.js:14:12)
278 silly fetchPackageMetaData     at F (C:\Program Files\nodejs\node_modules\npm\node_modules\which\which.js:69:19)
278 silly fetchPackageMetaData     at E (C:\Program Files\nodejs\node_modules\npm\node_modules\which\which.js:81:29)
278 silly fetchPackageMetaData     at C:\Program Files\nodejs\node_modules\npm\node_modules\which\which.js:90:16
278 silly fetchPackageMetaData     at C:\Program Files\nodejs\node_modules\npm\node_modules\which\node_modules\isexe\index.js:44:5
278 silly fetchPackageMetaData     at C:\Program Files\nodejs\node_modules\npm\node_modules\which\node_modules\isexe\windows.js:29:5
278 silly fetchPackageMetaData     at FSReqWrap.oncomplete (fs.js:123:15) code: 'ENOGIT' }
279 silly rollbackFailedOptional Starting
280 silly rollbackFailedOptional Finishing
281 silly runTopLevelLifecycles Starting
282 silly runTopLevelLifecycles Finishing
283 silly install printInstalled
284 verbose stack Error: not found: git
284 verbose stack     at getNotFoundError (C:\Program Files\nodejs\node_modules\npm\node_modules\which\which.js:14:12)
284 verbose stack     at F (C:\Program Files\nodejs\node_modules\npm\node_modules\which\which.js:69:19)
284 verbose stack     at E (C:\Program Files\nodejs\node_modules\npm\node_modules\which\which.js:81:29)
284 verbose stack     at C:\Program Files\nodejs\node_modules\npm\node_modules\which\which.js:90:16
284 verbose stack     at C:\Program Files\nodejs\node_modules\npm\node_modules\which\node_modules\isexe\index.js:44:5
284 verbose stack     at C:\Program Files\nodejs\node_modules\npm\node_modules\which\node_modules\isexe\windows.js:29:5
284 verbose stack     at FSReqWrap.oncomplete (fs.js:123:15)
285 verbose cwd C:\Users\Jose\Documents\ATLAS\ProtectULL_Web-master
286 error Windows_NT 10.0.14393
287 error argv "C:\\Program Files\\nodejs\\node.exe" "C:\\Program Files\\nodejs\\node_modules\\npm\\bin\\npm-cli.js" "install" "angular-google-maps"
288 error node v6.6.0
289 error npm  v3.10.3
290 error code ENOGIT
291 error not found: git
292 error Failed using git.
292 error This is most likely not a problem with npm itself.
292 error Please check if you have git installed and in your PATH.
293 verbose exit [ 1, true ]
